# JRE version: OpenJDK Runtime Environment (11.0.12+7) (build 11.0.12+7-b1504.28-7817840)
# Java VM: OpenJDK 64-Bit Server VM (11.0.12+7-b1504.28-7817840, mixed mode, tiered, compressed oops, g1 gc, windows-amd64)
Heap:
 garbage-first heap   total 260096K, used 102597K [0x00000000a0000000, 0x0000000100000000)
  region size 1024K, 13 young (13312K), 11 survivors (11264K)
 Metaspace       used 91993K, capacity 94700K, committed 94848K, reserved 1130496K
  class space    used 12269K, capacity 13223K, committed 13312K, reserved 1048576K
GC Heap History (20 events):
Event: 4.086 GC heap before
{Heap before GC invocations=3 (full 0):
 garbage-first heap   total 260096K, used 59339K [0x00000000a0000000, 0x0000000100000000)
  region size 1024K, 53 young (54272K), 11 survivors (11264K)
 Metaspace       used 24940K, capacity 25486K, committed 25728K, reserved 1071104K
  class space    used 3215K, capacity 3446K, committed 3456K, reserved 1048576K
}
Event: 4.095 GC heap after
{Heap after GC invocations=4 (full 0):
 garbage-first heap   total 260096K, used 19656K [0x00000000a0000000, 0x0000000100000000)
  region size 1024K, 3 young (3072K), 3 survivors (3072K)
 Metaspace       used 24940K, capacity 25486K, committed 25728K, reserved 1071104K
  class space    used 3215K, capacity 3446K, committed 3456K, reserved 1048576K
}
Event: 5.128 GC heap before
{Heap before GC invocations=4 (full 0):
 garbage-first heap   total 260096K, used 94408K [0x00000000a0000000, 0x0000000100000000)
  region size 1024K, 77 young (78848K), 3 survivors (3072K)
 Metaspace       used 34970K, capacity 35758K, committed 35840K, reserved 1081344K
  class space    used 4540K, capacity 4855K, committed 4864K, reserved 1048576K
}
Event: 5.140 GC heap after
{Heap after GC invocations=5 (full 0):
 garbage-first heap   total 260096K, used 22679K [0x00000000a0000000, 0x0000000100000000)
  region size 1024K, 6 young (6144K), 6 survivors (6144K)
 Metaspace       used 34970K, capacity 35758K, committed 35840K, reserved 1081344K
  class space    used 4540K, capacity 4855K, committed 4864K, reserved 1048576K
}
Event: 6.535 GC heap before
{Heap before GC invocations=6 (full 0):
 garbage-first heap   total 260096K, used 133271K [0x00000000a0000000, 0x0000000100000000)
  region size 1024K, 111 young (113664K), 6 survivors (6144K)
 Metaspace       used 44393K, capacity 45446K, committed 45516K, reserved 1089536K
  class space    used 5676K, capacity 6090K, committed 6144K, reserved 1048576K
}
Event: 6.554 GC heap after
{Heap after GC invocations=7 (full 0):
 garbage-first heap   total 260096K, used 30136K [0x00000000a0000000, 0x0000000100000000)
  region size 1024K, 13 young (13312K), 13 survivors (13312K)
 Metaspace       used 44393K, capacity 45446K, committed 45516K, reserved 1089536K
  class space    used 5676K, capacity 6090K, committed 6144K, reserved 1048576K
}
Event: 8.415 GC heap before
{Heap before GC invocations=7 (full 0):
 garbage-first heap   total 260096K, used 180664K [0x00000000a0000000, 0x0000000100000000)
  region size 1024K, 152 young (155648K), 13 survivors (13312K)
 Metaspace       used 51984K, capacity 53454K, committed 53580K, reserved 1095680K
  class space    used 6673K, capacity 7200K, committed 7296K, reserved 1048576K
}
Event: 8.434 GC heap after
{Heap after GC invocations=8 (full 0):
 garbage-first heap   total 260096K, used 48613K [0x00000000a0000000, 0x0000000100000000)
  region size 1024K, 18 young (18432K), 18 survivors (18432K)
 Metaspace       used 51984K, capacity 53454K, committed 53580K, reserved 1095680K
  class space    used 6673K, capacity 7200K, committed 7296K, reserved 1048576K
}
Event: 9.321 GC heap before
{Heap before GC invocations=8 (full 0):
 garbage-first heap   total 260096K, used 99813K [0x00000000a0000000, 0x0000000100000000)
  region size 1024K, 69 young (70656K), 18 survivors (18432K)
 Metaspace       used 58524K, capacity 60105K, committed 60288K, reserved 1101824K
  class space    used 7489K, capacity 8111K, committed 8192K, reserved 1048576K
}
Event: 9.346 GC heap after
{Heap after GC invocations=9 (full 0):
 garbage-first heap   total 260096K, used 51323K [0x00000000a0000000, 0x0000000100000000)
  region size 1024K, 3 young (3072K), 3 survivors (3072K)
 Metaspace       used 58524K, capacity 60105K, committed 60288K, reserved 1101824K
  class space    used 7489K, capacity 8111K, committed 8192K, reserved 1048576K
}
Event: 11.156 GC heap before
{Heap before GC invocations=10 (full 0):
 garbage-first heap   total 260096K, used 192635K [0x00000000a0000000, 0x0000000100000000)
  region size 1024K, 134 young (137216K), 3 survivors (3072K)
 Metaspace       used 68215K, capacity 69935K, committed 70144K, reserved 1110016K
  class space    used 8716K, capacity 9332K, committed 9344K, reserved 1048576K
}
Event: 11.167 GC heap after
{Heap after GC invocations=11 (full 0):
 garbage-first heap   total 260096K, used 58873K [0x00000000a0000000, 0x0000000100000000)
  region size 1024K, 11 young (11264K), 11 survivors (11264K)
 Metaspace       used 68215K, capacity 69935K, committed 70144K, reserved 1110016K
  class space    used 8716K, capacity 9332K, committed 9344K, reserved 1048576K
}
Event: 11.928 GC heap before
{Heap before GC invocations=12 (full 0):
 garbage-first heap   total 260096K, used 191993K [0x00000000a0000000, 0x0000000100000000)
  region size 1024K, 140 young (143360K), 11 survivors (11264K)
 Metaspace       used 70682K, capacity 72684K, committed 72704K, reserved 1112064K
  class space    used 9093K, capacity 9848K, committed 9856K, reserved 1048576K
}
Event: 11.940 GC heap after
{Heap after GC invocations=13 (full 0):
 garbage-first heap   total 260096K, used 66227K [0x00000000a0000000, 0x0000000100000000)
  region size 1024K, 16 young (16384K), 16 survivors (16384K)
 Metaspace       used 70682K, capacity 72684K, committed 72704K, reserved 1112064K
  class space    used 9093K, capacity 9848K, committed 9856K, reserved 1048576K
}
Event: 13.272 GC heap before
{Heap before GC invocations=13 (full 0):
 garbage-first heap   total 260096K, used 197299K [0x00000000a0000000, 0x0000000100000000)
  region size 1024K, 144 young (147456K), 16 survivors (16384K)
 Metaspace       used 79126K, capacity 81416K, committed 81536K, reserved 1120256K
  class space    used 10450K, capacity 11261K, committed 11264K, reserved 1048576K
}
Event: 13.290 GC heap after
{Heap after GC invocations=14 (full 0):
 garbage-first heap   total 260096K, used 75850K [0x00000000a0000000, 0x0000000100000000)
  region size 1024K, 17 young (17408K), 17 survivors (17408K)
 Metaspace       used 79126K, capacity 81416K, committed 81536K, reserved 1120256K
  class space    used 10450K, capacity 11261K, committed 11264K, reserved 1048576K
}
Event: 14.588 GC heap before
{Heap before GC invocations=14 (full 0):
 garbage-first heap   total 260096K, used 200778K [0x00000000a0000000, 0x0000000100000000)
  region size 1024K, 138 young (141312K), 17 survivors (17408K)
 Metaspace       used 87654K, capacity 90152K, committed 90368K, reserved 1126400K
  class space    used 11669K, capacity 12604K, committed 12672K, reserved 1048576K
}
Event: 14.607 GC heap after
{Heap after GC invocations=15 (full 0):
 garbage-first heap   total 260096K, used 90597K [0x00000000a0000000, 0x0000000100000000)
  region size 1024K, 13 young (13312K), 13 survivors (13312K)
 Metaspace       used 87654K, capacity 90152K, committed 90368K, reserved 1126400K
  class space    used 11669K, capacity 12604K, committed 12672K, reserved 1048576K
}
Event: 15.726 GC heap before
{Heap before GC invocations=15 (full 0):
 garbage-first heap   total 260096K, used 201189K [0x00000000a0000000, 0x0000000100000000)
  region size 1024K, 122 young (124928K), 13 survivors (13312K)
 Metaspace       used 91852K, capacity 94548K, committed 94848K, reserved 1130496K
  class space    used 12253K, capacity 13214K, committed 13312K, reserved 1048576K
}
Event: 15.740 GC heap after
{Heap after GC invocations=16 (full 0):
 garbage-first heap   total 260096K, used 101573K [0x00000000a0000000, 0x0000000100000000)
  region size 1024K, 11 young (11264K), 11 survivors (11264K)
 Metaspace       used 91852K, capacity 94548K, committed 94848K, reserved 1130496K
  class space    used 12253K, capacity 13214K, committed 13312K, reserved 1048576K
}

